<?xml version="1.0" encoding="UTF-8"?>
<!-- Generated by org.testng.reporters.JUnitReportReporter -->
<testsuite hostname="guille" failures="0" tests="1" name="tests.HomeTests" time="5.629" errors="0" timestamp="2022-06-09T04:53:17 CEST" skipped="0">
  <testcase classname="tests.HomeTests" name="validHomeTest_validHomePage" time="5.629"/>
  <system-out/>
</testsuite> <!-- tests.HomeTests -->
