<?xml version="1.0" encoding="UTF-8"?>
<!-- Generated by org.testng.reporters.JUnitReportReporter -->
<testsuite hostname="guille" failures="0" tests="1" name="main.App" time="1.378" errors="0" timestamp="2022-06-08T21:36:21 CEST" skipped="0">
  <testcase classname="main.App" name="firstTestCase" time="1.378"/>
  <system-out/>
</testsuite> <!-- main.App -->
