<?xml version="1.0" encoding="UTF-8"?>
<!-- Generated by org.testng.reporters.JUnitReportReporter -->
<testsuite hostname="guille" failures="0" tests="1" name="tests.SearchTests" time="14.511" errors="0" timestamp="2022-06-09T04:53:17 CEST" skipped="0">
  <testcase classname="tests.SearchTests" name="succesSearchTest" time="14.511"/>
  <system-out/>
</testsuite> <!-- tests.SearchTests -->
